<?xml version="1.0" encoding="UTF-8"?>
<testng-results skipped="0" failed="0" ignored="0" total="1" passed="1">
  <reporter-output>
  </reporter-output>
  <suite name="Default suite" duration-ms="9519" started-at="2021-01-14T19:58:47Z" finished-at="2021-01-14T19:58:56Z">
    <groups>
    </groups>
    <test name="Default test" duration-ms="9519" started-at="2021-01-14T19:58:47Z" finished-at="2021-01-14T19:58:56Z">
      <class name="Testing.Automation.App">
        <test-method status="PASS" signature="sample()[pri:0, instance:Testing.Automation.App@4b9e13df]" name="sample" duration-ms="9480" started-at="2021-01-14T19:58:47Z" finished-at="2021-01-14T19:58:56Z">
          <reporter-output>
          </reporter-output>
        </test-method> <!-- sample -->
      </class> <!-- Testing.Automation.App -->
    </test> <!-- Default test -->
  </suite> <!-- Default suite -->
</testng-results>
